<?xml version="1.0" encoding="UTF-8"?>
<!-- Generated by org.testng.reporters.JUnitReportReporter -->
<testsuite hostname="JAYESH" failures="0" tests="1" name="com.naveenautomationlabs.AutomationFramework.Tests.AccountLoginTest" time="8.112" errors="0" timestamp="2023-06-21T15:48:54 EDT" skipped="0">
  <testcase classname="com.naveenautomationlabs.AutomationFramework.Tests.AccountLoginTest" name="validateLoginUsingValidCredentials" time="8.112"/>
  <system-out/>
</testsuite> <!-- com.naveenautomationlabs.AutomationFramework.Tests.AccountLoginTest -->
