<?xml version="1.0" encoding="UTF-8"?>
<!-- Generated by org.testng.reporters.JUnitReportReporter -->
<testsuite hostname="JAYESH" failures="0" tests="8" name="com.naveenautomationlabs.AutomationFramework.Tests.YourStoreTest" time="65.193" errors="0" timestamp="2023-07-05T15:45:08 EDT" skipped="1">
  <testcase classname="com.naveenautomationlabs.AutomationFramework.Tests.YourStoreTest" name="validateUnitPrice" time="7.642"/>
  <system-out/>
  <testcase classname="com.naveenautomationlabs.AutomationFramework.Tests.YourStoreTest" name="validateIPhoneAddedToCartSuccessfully" time="6.707"/>
  <system-out/>
  <testcase classname="com.naveenautomationlabs.AutomationFramework.Tests.YourStoreTest" name="validateLoginUsingValidCredentials" time="6.379"/>
  <system-out/>
  <testcase classname="com.naveenautomationlabs.AutomationFramework.Tests.YourStoreTest" name="validateLogin" time="4.207">
    <skipped/>
  </testcase> <!-- validateLogin -->
  <system-out/>
  <testcase classname="com.naveenautomationlabs.AutomationFramework.Tests.YourStoreTest" name="validateIfCorrectProductIsClicked" time="22.282"/>
  <system-out/>
  <testcase classname="com.naveenautomationlabs.AutomationFramework.Tests.YourStoreTest" name="validateRegistrationSuccess" time="7.087"/>
  <system-out/>
  <testcase classname="com.naveenautomationlabs.AutomationFramework.Tests.YourStoreTest" name="validateWishListCount" time="7.568"/>
  <system-out/>
  <testcase classname="com.naveenautomationlabs.AutomationFramework.Tests.YourStoreTest" name="validateNavigationInRegistrationPage" time="3.321"/>
  <system-out/>
</testsuite> <!-- com.naveenautomationlabs.AutomationFramework.Tests.YourStoreTest -->
